libraries/picasso/build/outputs/logs/manifest-merger-debug-report.txt
-- Merging decision tree log ---
manifest
ADDED from src/main/AndroidManifest.xml:1:1-10:12
INJECTED from src/main/AndroidManifest.xml:1:1-10:12
INJECTED from src/main/AndroidManifest.xml:1:1-10:12
	package
		ADDED from src/main/AndroidManifest.xml:2:5-35
		INJECTED from src/main/AndroidManifest.xml
		INJECTED from src/main/AndroidManifest.xml
	xmlns:android
		ADDED from src/main/AndroidManifest.xml:1:11-69
application
ADDED from src/main/AndroidManifest.xml:4:3-9:17
provider#com.squareup.picasso.PicassoProvider
ADDED from src/main/AndroidManifest.xml:5:5-8:35
	android:authorities
		ADDED from src/main/AndroidManifest.xml:7:9-68
	android:exported
		ADDED from src/main/AndroidManifest.xml:8:9-33
	android:name
		ADDED from src/main/AndroidManifest.xml:6:9-40
uses-sdk
INJECTED from src/main/AndroidManifest.xml reason: use-sdk injection requested
INJECTED from src/main/AndroidManifest.xml
INJECTED from src/main/AndroidManifest.xml
INJECTED from src/main/AndroidManifest.xml
INJECTED from src/main/AndroidManifest.xml
	android:targetSdkVersion
		INJECTED from src/main/AndroidManifest.xml
		ADDED from src/main/AndroidManifest.xml
		INJECTED from src/main/AndroidManifest.xml
	android:minSdkVersion
		INJECTED from src/main/AndroidManifest.xml
		ADDED from src/main/AndroidManifest.xml
		INJECTED from src/main/AndroidManifest.xml